<?xml version="1.0" encoding="UTF-8"?>
<!-- Generated by org.testng.reporters.JUnitXMLReporter -->
<testsuite ignored="0" hostname="NKAdmins-MacBook-Air.local" failures="0" tests="4" name="RNCApproval" time="20.16" errors="0" timestamp="2025-02-06T18:23:47 IST">
  <testcase classname="testCases.BaseClass" name="SetUp" time="14.904"/>
  <testcase classname="testCases.TCC_004_RNCApprovalTestCase" name="Login" time="5.097"/>
  <testcase classname="testCases.TCC_004_RNCApprovalTestCase" name="Approval" time="0.026"/>
  <testcase classname="testCases.TCC_004_RNCApprovalTestCase" name="logout" time="0.008"/>
</testsuite> <!-- RNCApproval -->
